{"level":"info","ts":"2024-01-19T14:52:28.662+0700","caller":"attendance-is/main.go:101","msg":"Application started"}
{"level":"info","ts":"2024-01-19T14:53:07.676+0700","caller":"attendance-is/main.go:121","msg":"Request processed","method":"POST","path":"/api/auth/login","duration":0.2446704}
{"level":"info","ts":"2024-01-19T14:53:09.546+0700","caller":"attendance-is/main.go:121","msg":"Request processed","method":"GET","path":"/api/student/1/event/recent","duration":0.0143048}
{"level":"info","ts":"2024-01-19T14:54:30.434+0700","caller":"attendance-is/main.go:121","msg":"Request processed","method":"GET","path":"/api/student/1/event/recent","duration":0.0061824}
{"level":"info","ts":"2024-01-19T14:55:45.250+0700","caller":"attendance-is/main.go:121","msg":"Request processed","method":"GET","path":"/api/student/1/event/recent","duration":0.0075872}
{"level":"info","ts":"2024-01-19T14:55:51.158+0700","caller":"attendance-is/main.go:121","msg":"Request processed","method":"GET","path":"/api/student/1/event/recent","duration":0.004762}
{"level":"info","ts":"2024-01-19T14:55:59.487+0700","caller":"attendance-is/main.go:121","msg":"Request processed","method":"GET","path":"/api/student/1/event/recent","duration":0.0046991}
{"level":"info","ts":"2024-01-19T14:56:04.744+0700","caller":"attendance-is/main.go:121","msg":"Request processed","method":"GET","path":"/api/student/1/event/recent","duration":0.0054971}
{"level":"info","ts":"2024-01-19T14:57:22.853+0700","caller":"attendance-is/main.go:121","msg":"Request processed","method":"GET","path":"/api/student/1/event/recent","duration":0.0046107}
{"level":"info","ts":"2024-01-19T14:57:32.707+0700","caller":"attendance-is/main.go:121","msg":"Request processed","method":"GET","path":"/api/student/1/event/recent","duration":0.0042866}
{"level":"info","ts":"2024-01-19T14:58:48.263+0700","caller":"attendance-is/main.go:121","msg":"Request processed","method":"GET","path":"/api/student/1/event/recent","duration":0.0039545}
{"level":"info","ts":"2024-01-19T15:00:11.259+0700","caller":"attendance-is/main.go:121","msg":"Request processed","method":"GET","path":"/api/student/1/event/recent","duration":0.0500675}
{"level":"info","ts":"2024-01-19T15:00:48.132+0700","caller":"attendance-is/main.go:121","msg":"Request processed","method":"GET","path":"/api/student/1/event/recent","duration":0.0054556}
{"level":"info","ts":"2024-01-19T15:01:06.166+0700","caller":"attendance-is/main.go:121","msg":"Request processed","method":"GET","path":"/api/student/1/event/recent","duration":0.005461}
{"level":"info","ts":"2024-01-19T15:04:13.838+0700","caller":"attendance-is/main.go:121","msg":"Request processed","method":"GET","path":"/api/student/1/event/recent","duration":0.0056752}
{"level":"info","ts":"2024-01-19T15:04:22.625+0700","caller":"attendance-is/main.go:121","msg":"Request processed","method":"GET","path":"/api/student/1/event/recent","duration":0.0045006}
{"level":"info","ts":"2024-01-19T15:04:38.969+0700","caller":"attendance-is/main.go:121","msg":"Request processed","method":"GET","path":"/api/student/1/event/recent","duration":0.0062846}
{"level":"info","ts":"2024-01-19T15:04:43.883+0700","caller":"attendance-is/main.go:121","msg":"Request processed","method":"GET","path":"/api/student/1/event/recent","duration":0.0053684}
{"level":"info","ts":"2024-01-19T15:05:21.806+0700","caller":"attendance-is/main.go:121","msg":"Request processed","method":"GET","path":"/api/student/1/event/recent","duration":0.0057617}
{"level":"info","ts":"2024-01-19T15:05:42.045+0700","caller":"attendance-is/main.go:121","msg":"Request processed","method":"GET","path":"/api/student/1/event/recent","duration":0.0042363}
{"level":"info","ts":"2024-01-19T15:05:44.651+0700","caller":"attendance-is/main.go:121","msg":"Request processed","method":"GET","path":"/api/student/1/event/recent","duration":0.0046708}
{"level":"info","ts":"2024-01-19T15:06:08.874+0700","caller":"attendance-is/main.go:121","msg":"Request processed","method":"GET","path":"/api/student/1/course","duration":0.0071897}
{"level":"info","ts":"2024-01-19T15:06:08.877+0700","caller":"attendance-is/main.go:121","msg":"Request processed","method":"GET","path":"/api/student/1/course","duration":0.0258805}
{"level":"info","ts":"2024-01-19T15:06:10.211+0700","caller":"attendance-is/main.go:121","msg":"Request processed","method":"GET","path":"/api/student/1/event/recent","duration":0.005196}
{"level":"info","ts":"2024-01-19T15:07:31.171+0700","caller":"attendance-is/main.go:121","msg":"Request processed","method":"GET","path":"/api/student/1/event/recent","duration":0.0057423}
{"level":"info","ts":"2024-01-19T15:08:20.562+0700","caller":"attendance-is/main.go:121","msg":"Request processed","method":"GET","path":"/api/student/1/event/recent","duration":0.0222733}
{"level":"info","ts":"2024-01-19T15:08:58.673+0700","caller":"attendance-is/main.go:121","msg":"Request processed","method":"GET","path":"/api/student/1/event/recent","duration":0.0052354}
{"level":"info","ts":"2024-01-19T15:09:54.790+0700","caller":"attendance-is/main.go:121","msg":"Request processed","method":"POST","path":"/api/auth/login","duration":0.0777186}
{"level":"info","ts":"2024-01-19T15:09:55.481+0700","caller":"attendance-is/main.go:121","msg":"Request processed","method":"GET","path":"/api/lecturer/1/event/recent","duration":0.0046316}
{"level":"info","ts":"2024-01-19T15:09:56.514+0700","caller":"attendance-is/main.go:121","msg":"Request processed","method":"GET","path":"/api/lecturer/1/course","duration":0.014469}
{"level":"info","ts":"2024-01-19T15:10:03.742+0700","caller":"attendance-is/main.go:121","msg":"Request processed","method":"GET","path":"/api/lecturer/1/event/recent","duration":0.004135}
{"level":"info","ts":"2024-01-19T15:10:13.322+0700","caller":"attendance-is/main.go:121","msg":"Request processed","method":"GET","path":"/api/lecturer/1/course","duration":0.005001}
{"level":"info","ts":"2024-01-19T15:10:13.347+0700","caller":"attendance-is/main.go:121","msg":"Request processed","method":"GET","path":"/api/lecturer/1/course","duration":0.0031504}
{"level":"info","ts":"2024-01-19T15:10:16.620+0700","caller":"attendance-is/main.go:121","msg":"Request processed","method":"GET","path":"/api/lecturer/1/event","duration":0.0081354}
{"level":"info","ts":"2024-01-19T15:10:16.623+0700","caller":"attendance-is/main.go:121","msg":"Request processed","method":"GET","path":"/api/lecturer/1/event","duration":0.0115581}
{"level":"info","ts":"2024-01-19T15:10:18.601+0700","caller":"attendance-is/main.go:121","msg":"Request processed","method":"GET","path":"/api/lecturer/1/event/2","duration":0.0049187}
{"level":"info","ts":"2024-01-19T15:10:18.659+0700","caller":"attendance-is/main.go:121","msg":"Request processed","method":"GET","path":"/api/class/1","duration":0.0029977}
{"level":"info","ts":"2024-01-19T15:10:23.559+0700","caller":"attendance-is/main.go:121","msg":"Request processed","method":"GET","path":"/api/lecturer/1/event","duration":0.0054104}
{"level":"info","ts":"2024-01-19T15:10:24.401+0700","caller":"attendance-is/main.go:121","msg":"Request processed","method":"GET","path":"/api/lecturer/1/course","duration":0.0030643}
{"level":"info","ts":"2024-01-19T15:10:27.122+0700","caller":"attendance-is/main.go:121","msg":"Request processed","method":"GET","path":"/api/lecturer/1/event/recent","duration":0.0046361}
{"level":"info","ts":"2024-01-19T15:16:14.754+0700","caller":"attendance-is/main.go:121","msg":"Request processed","method":"GET","path":"/api/lecturer/1/event/recent","duration":0.004609}
{"level":"info","ts":"2024-01-19T15:16:20.162+0700","caller":"attendance-is/main.go:121","msg":"Request processed","method":"GET","path":"/api/lecturer/1/course","duration":0.0051264}
{"level":"info","ts":"2024-01-19T15:16:24.293+0700","caller":"attendance-is/main.go:121","msg":"Request processed","method":"GET","path":"/api/lecturer/1/event/recent","duration":0.0036151}
{"level":"info","ts":"2024-01-19T15:16:50.625+0700","caller":"attendance-is/main.go:121","msg":"Request processed","method":"POST","path":"/api/auth/login","duration":0.0811918}
{"level":"info","ts":"2024-01-19T15:16:51.287+0700","caller":"attendance-is/main.go:121","msg":"Request processed","method":"GET","path":"/api/student/1/event/recent","duration":0.0040801}
{"level":"info","ts":"2024-01-19T15:17:03.802+0700","caller":"attendance-is/main.go:121","msg":"Request processed","method":"GET","path":"/api/student/1/event/recent","duration":0.0034773}
